Arguments: 
  C:\Program Files\nodejs\node.exe C:\Program Files (x86)\Yarn\bin\yarn.js add yargs

PATH: 
  C:\Python36\Scripts\;C:\Python36\;C:\Program Files\Docker\Docker\Resources\bin;C:\Users\Ben\AppData\Roaming\npm\;C:\Program Files (x86)\Intel\iCLS Client\;C:\Program Files\Intel\iCLS Client\;C:\WINDOWS\system32;C:\WINDOWS;C:\WINDOWS\System32\Wbem;C:\WINDOWS\System32\WindowsPowerShell\v1.0\;C:\Program Files\Intel\Intel(R) Management Engine Components\DAL;C:\Program Files (x86)\Intel\Intel(R) Management Engine Components\DAL;C:\Program Files\Intel\Intel(R) Management Engine Components\IPT;C:\Program Files (x86)\Intel\Intel(R) Management Engine Components\IPT;%HAXEPATH%;%NEKO_INSTPATH%;C:\Program Files (x86)\Java\jre7\bin;C:\Program Files (x86)\sbt\\bin;C:\ProgramData\ComposerSetup\bin;C:\Development;C:\Development\AndroidSDK\tools;C:\Development\AndroidSDK\platform-tools;C:\HashiCorp\Vagrant\bin;C:\Program Files (x86)\PDFtk\bin\;C:\Users\Ben\.dnx\bin;C:\Program Files\Microsoft DNX\Dnvm\;C:\Program Files\Microsoft SQL Server\130\Tools\Binn\;C:\Program Files (x86)\Windows Kits\8.1\Windows Performance Toolkit\;C:\Program Files\nodejs\;C:\WINDOWS\System32\OpenSSH\;C:\Users\Ben\AppData\Local\Yarn\bin\;C:\Program Files (x86)\Yarn\bin\;C:\Program Files\Git\cmd;C:\Program Files (x86)\sox-14-4-2;C:\TwinCAT\Common32;C:\TwinCAT\Common64;C:\Program Files\Git\usr\bin;C:\Program Files (x86)\NVIDIA Corporation\PhysX\Common;C:\tools;C:\tools\fmedia;C:\Users\Ben\.babun;C:\Program Files\Boot2Docker for Windows;C:\Program Files (x86)\sbt\bin;C:\Program Files\wkhtmltopdf\bin;C:\Users\Ben\AppData\Roaming\Composer\vendor\bin;C:\ProgramData\chocolatey\bin;C:\Development;C:\Program Files (x86)\PDFtk;%USERPROFILE%\AppData\Local\Microsoft\WindowsApps;C:\tools\php;C:\HaxeToolkit\hashlink;C:\MinGW\bin;C:\Program Files (x86)\Windows Kits\8.1\bin\x64;C:\Program Files\Microsoft VS Code\bin;C:\Users\Ben\AppData\Roaming\npm;C:\Users\Ben\AppData\Local\Yarn\bin\;C:\Users\Ben\AppData\Local\Programs\Microsoft VS Code\bin;C:\Program Files (x86)\sox-14-4-2;C:\Program Files\Git\usr\bin;;C:\Users\Ben\AppData\Local\hyper\app-2.1.0-canary2\resources\bin

Yarn version: 
  1.7.0

Node version: 
  9.9.0

Platform: 
  win32 x64

Trace: 
  Error: https://registry.yarnpkg.com/php-bin: Not found
      at Request.params.callback [as _callback] (C:\Program Files (x86)\Yarn\lib\cli.js:65656:18)
      at Request.self.callback (C:\Program Files (x86)\Yarn\lib\cli.js:134675:22)
      at Request.emit (events.js:180:13)
      at Request.<anonymous> (C:\Program Files (x86)\Yarn\lib\cli.js:135658:10)
      at Request.emit (events.js:180:13)
      at IncomingMessage.<anonymous> (C:\Program Files (x86)\Yarn\lib\cli.js:135578:12)
      at Object.onceWrapper (events.js:272:13)
      at IncomingMessage.emit (events.js:185:15)
      at endReadableNT (_stream_readable.js:1101:12)
      at process._tickCallback (internal/process/next_tick.js:114:19)

npm manifest: 
  {
    "name": "php-static",
    "version": "0.0.0",
    "main": "index.js",
    "repository": "https://github.com/codeurs/php-static",
    "author": "Ben Merckx <ben@codeurs.be>",
    "license": "MIT",
    "bin": "cli.js",
    "scripts": {
      "cli": "node cli.js"
    },
    "dependencies": {
      "php-bin": "=0.0.0",
      "fastcgi-client": "codeurs/node-fastcgi-client",
      "http-parser-js": "^0.4.13",
      "node-cleanup": "^2.1.2",
      "serve-static": "^1.13.2",
      "spawn-local-bin": "^0.1.4"
    }
  }

yarn manifest: 
  No manifest

Lockfile: 
  No lockfile
